开始生成时的环境:
AGSDESKTOPJAVA = E:\ArcGIS for Desktop\Desktop10.2\
ALLUSERSPROFILE = C:\ProgramData
APPDATA = C:\Users\HP\AppData\Roaming
CommonProgramFiles = C:\Program Files\Common Files
CommonProgramFiles(x86) = C:\Program Files (x86)\Common Files
CommonProgramW6432 = C:\Program Files\Common Files
COMPUTERNAME = DESKTOP-CD8N1BS
ComSpec = C:\WINDOWS\system32\cmd.exe
CUDA_PATH_V11_2 = C:\Program Files\NVIDIA GPU Computing Toolkit\CUDA
DriverData = C:\Windows\System32\Drivers\DriverData
FPS_BROWSER_APP_PROFILE_STRING = Internet Explorer
FPS_BROWSER_USER_PROFILE_STRING = Default
GCExpConfigUsedInSession = 3
HOMEDRIVE = C:
HOMEPATH = \Users\HP
IGCCSVC_DB = AQAAANCMnd8BFdERjHoAwE/Cl+sBAAAA1JiUYyf500a0q+JUTi8yQAQAAAACAAAAAAAQZgAAAAEAACAAAABHIFrhwIwbgEb1GE/8H59sF0/PxsTiV9BX6jMVFuGs5AAAAAAOgAAAAAIAACAAAAAR7zCYFW9ZMpf7m0T22j/qIwzL7bSmgCYO0ufn1ON/0WAAAAD1F9CiMxMy2TH0JkbSB3wtpGBh/gLSCroJGEalYJgk5veTy52ITOhMc5cjx9iPX/774s0zGmZYaqMFnrUMvaOjX2I4Zwa43TDwLJ9arUcR1T+XYZNMBVfgF8GKwUvdpcBAAAAAwWFC018vDc1UUymLdxT60Sp+auYx3erwFnClu2j1P+dzH2noOfy76gIYv7p1KIlmoQ0U22UdI3B9QxS/YLYUCw==
LOCALAPPDATA = C:\Users\HP\AppData\Local
LOGONSERVER = \\DESKTOP-CD8N1BS
MSBuildLoadMicrosoftTargetsReadOnly = true
NUMBER_OF_PROCESSORS = 12
NVCUDASAMPLES11_2_ROOT = C:\ProgramData\NVIDIA Corporation\CUDA Samples\v11.2
NVTOOLSEXT_PATH = C:\Program Files\NVIDIA Corporation\NvToolsExt\
OneDrive = C:\Users\HP\OneDrive
OneDriveConsumer = C:\Users\HP\OneDrive
OS = Windows_NT
Path = E:\Vulkan\1.3.261.1\Bin;C:\Program Files\PlasticSCM5\server;C:\Program Files\PlasticSCM5\client;E:\vmware16\bin\;C:\Program Files\NVIDIA GPU Computing Toolkit\CUDA\bin;C:\Program Files\NVIDIA GPU Computing Toolkit\CUDA\libnvvp;C:\Program Files\Python37\Scripts\;C:\Program Files\Python37\;C:\Users\HP\AppData\Roaming\Python\Python37\Scripts;C:\WINDOWS\system32;C:\WINDOWS;C:\WINDOWS\System32\Wbem;C:\WINDOWS\System32\WindowsPowerShell\v1.0\;C:\WINDOWS\System32\OpenSSH\;C:\Program Files\NVIDIA Corporation\Nsight Compute 2020.3.0\;C:\Program Files (x86)\NVIDIA Corporation\PhysX\Common;E:\cmake3.26\bin;C:\Program Files (x86)\Incredibuild;E:\Git\cmd;C:\Users\HP\AppData\Local\Microsoft\WindowsApps;E:\Program Files\texlive\2021\bin\win32
PATHEXT = .COM;.EXE;.BAT;.CMD;.VBS;.VBE;.JS;.JSE;.WSF;.WSH;.MSC;.PY;.PYW
PkgDefApplicationConfigFile = C:\Users\HP\AppData\Local\Microsoft\VisualStudio\17.0_bd9a3a4a\devenv.exe.config
PROCESSOR_ARCHITECTURE = AMD64
PROCESSOR_IDENTIFIER = Intel64 Family 6 Model 158 Stepping 10, GenuineIntel
PROCESSOR_LEVEL = 6
PROCESSOR_REVISION = 9e0a
ProgramData = C:\ProgramData
ProgramFiles = C:\Program Files
ProgramFiles(x86) = C:\Program Files (x86)
ProgramW6432 = C:\Program Files
PSModulePath = C:\Program Files\WindowsPowerShell\Modules;C:\WINDOWS\system32\WindowsPowerShell\v1.0\Modules
PUBLIC = C:\Users\Public
ServiceHubLogSessionKey = 68BB44FD
SESSIONNAME = Console
SystemDrive = C:
SystemRoot = C:\WINDOWS
TEMP = C:\Users\HP\AppData\Local\Temp
ThreadedWaitDialogDpiContext = -4
TMP = C:\Users\HP\AppData\Local\Temp
USERDOMAIN = DESKTOP-CD8N1BS
USERDOMAIN_ROAMINGPROFILE = DESKTOP-CD8N1BS
USERNAME = HP
USERPROFILE = C:\Users\HP
VBOX_MSI_INSTALL_PATH = E:\oracleVirtualBox\
VisualStudioDir = C:\Users\HP\Documents\Visual Studio 2022
VisualStudioEdition = Microsoft Visual Studio Community 2022
VisualStudioVersion = 17.0
VK_SDK_PATH = E:\Vulkan\1.3.261.1
VS140COMNTOOLS = C:\Program Files (x86)\Microsoft Visual Studio 14.0\Common7\Tools\
VSAPPIDDIR = E:\VS2022\Common7\IDE\
VSAPPIDNAME = devenv.exe
VSLANG = 2052
VSSKUEDITION = Community
VS_Perf_Session_GCHeapCount = 2
VULKAN_SDK = E:\Vulkan\1.3.261.1
windir = C:\WINDOWS
ZES_ENABLE_SYSMAN = 1

  glad.c
  stb_image.cpp
  Material.cpp
  Light.cpp
  Camera.cpp
  glerror.cpp
  main.cpp
  Mesh.cpp
  shader.cpp
  Buffer.cpp
  Texture.cpp
  VertexArray.cpp
E:\VS2022project\OpenGL\Project1\src\VertexArray.cpp(22,3): warning C4312: “类型强制转换”: 从“unsigned int”转换到更大的“void *”
  正在生成代码...
LINK : warning LNK4098: 默认库“MSVCRT”与其他库的使用冲突；请使用 /NODEFAULTLIB:library
  Project1.vcxproj -> E:\VS2022project\OpenGL\bin\x64\Debug\Project1.exe

项目性能摘要:
    12571 毫秒 E:\VS2022project\OpenGL\Project1\Project1.vcxproj   1 次调用
              12571 毫秒 Build                                      1 次调用

目标性能摘要:
        0 毫秒 AfterBuildCompileEvent                     1 次调用
        0 毫秒 AfterLink                                  1 次调用
        0 毫秒 ComputeLinkSwitches                        1 次调用
        0 毫秒 DoLinkOutputFilesMatch                     1 次调用
        0 毫秒 MakeDirsForLink                            1 次调用
        0 毫秒 PrepareResourceNames                       1 次调用
        0 毫秒 CreateCustomManifestResourceNames          1 次调用
        0 毫秒 ComputeManifestInputsTargets               1 次调用
        0 毫秒 ComputeCLGeneratedLinkInputs               1 次调用
        0 毫秒 ComputeCLOutputs                           1 次调用
        0 毫秒 ComputeManifestGeneratedLinkerInputs       1 次调用
        0 毫秒 _Link                                      1 次调用
        0 毫秒 ComputeRCGeneratedLinkInputs               1 次调用
        0 毫秒 ComputeLegacyManifestEmbedding             1 次调用
        0 毫秒 BuildLinkTraverse                          1 次调用
        0 毫秒 BuildCompile                               1 次调用
        0 毫秒 _BuildCompileAction                        1 次调用
        0 毫秒 FinalizeBuildStatus                        1 次调用
        0 毫秒 _ResourceCompile                           1 次调用
        0 毫秒 AfterResourceCompile                       1 次调用
        0 毫秒 MakeDirsForResourceCompile                 1 次调用
        0 毫秒 BeforeResourceCompile                      1 次调用
        0 毫秒 _ClCompile                                 1 次调用
        0 毫秒 ComputeRCOutputs                           1 次调用
        0 毫秒 _ALink                                     1 次调用
        0 毫秒 _Manifest                                  1 次调用
        0 毫秒 ResolvedXDCMake                            1 次调用
        0 毫秒 AfterBuild                                 1 次调用
        0 毫秒 BuildLink                                  1 次调用
        0 毫秒 _BuildLinkAction                           1 次调用
        0 毫秒 PrepareForRun                              1 次调用
        0 毫秒 CopyFilesToOutputDirectory                 1 次调用
        0 毫秒 _CheckForCompileOutputs                    1 次调用
        0 毫秒 _CopySourceItemsToOutputDirectory          1 次调用
        0 毫秒 _GetCopyToOutputDirectoryItemsFromThisProject   1 次调用
        0 毫秒 _GetCopyToOutputDirectoryItemsFromTransitiveProjectReferences   1 次调用
        0 毫秒 GetCopyToOutputDirectoryXamlAppDefs        1 次调用
        0 毫秒 _PopulateCommonStateForGetCopyToOutputDirectoryItems   1 次调用
        0 毫秒 _Deploy                                    1 次调用
        0 毫秒 _Appverifier                               1 次调用
        0 毫秒 CreateSatelliteAssemblies                  1 次调用
        0 毫秒 _GenerateSatelliteAssemblyInputs           1 次调用
        0 毫秒 MakeDirsForFxc                             1 次调用
        0 毫秒 SatelliteDllsProjectOutputGroup            1 次调用
        0 毫秒 BuiltProjectOutputGroup                    1 次调用
        0 毫秒 _BscMake                                   1 次调用
        0 毫秒 MakeDirsForBscMake                         1 次调用
        0 毫秒 ComputeCLCompileGeneratedSbrFiles          1 次调用
        0 毫秒 _XdcMake                                   1 次调用
        0 毫秒 MakeDirsForXdcMake                         1 次调用
        0 毫秒 AfterClCompile                             1 次调用
        0 毫秒 SelectClCompile                            1 次调用
        0 毫秒 Build                                      1 次调用
        0 毫秒 BeforeBuildGenerateSources                 1 次调用
        0 毫秒 ComputeCustomBuildOutput                   1 次调用
        0 毫秒 SelectCustomBuild                          1 次调用
        0 毫秒 _SelectedFiles                             1 次调用
        0 毫秒 PreBuildEvent                              1 次调用
        0 毫秒 BuildGenerateSourcesTraverse               1 次调用
        0 毫秒 MakeDirsForCl                              1 次调用
        0 毫秒 _AddOutputPathToGlobalPropertiesToRemove   1 次调用
        0 毫秒 PrepareProjectReferences                   1 次调用
        0 毫秒 CopyFileToFolders                          1 次调用
        0 毫秒 ResolveReferences                          1 次调用
        0 毫秒 ResolveAssemblyReferences                  1 次调用
        0 毫秒 ExpandSDKReferences                        1 次调用
        0 毫秒 ResolveSDKReferences                       1 次调用
        0 毫秒 ResolveProjectReferences                   1 次调用
        0 毫秒 _CheckWindowsSDKInstalled                  1 次调用
        0 毫秒 GetFrameworkPaths                          1 次调用
        0 毫秒 GetReferenceAssemblyPaths                  1 次调用
        0 毫秒 GetResolvedWinMD                           1 次调用
        0 毫秒 AfterResolveReferences                     1 次调用
        0 毫秒 _Xsd                                       1 次调用
        0 毫秒 BeforeResolveReferences                    1 次调用
        0 毫秒 AddExternalIncludDirectoriesToPaths        1 次调用
        0 毫秒 BuildCompileTraverse                       1 次调用
        0 毫秒 BuildGenerateSources                       1 次调用
        0 毫秒 _BuildGenerateSourcesAction                1 次调用
        0 毫秒 AfterBuildGenerateSourcesEvent             1 次调用
        0 毫秒 AfterBuildGenerateSources                  1 次调用
        0 毫秒 BeforeClCompile                            1 次调用
        0 毫秒 AfterMidl                                  1 次调用
        0 毫秒 _Midl                                      1 次调用
        0 毫秒 ComputeReferenceCLInput                    1 次调用
        0 毫秒 ComputeMIDLGeneratedCompileInputs          1 次调用
        0 毫秒 _PrepareForReferenceResolution             1 次调用
        0 毫秒 ComputeStdModulesCompileInputs             1 次调用
        0 毫秒 MakeDirsForMidl                            1 次调用
        0 毫秒 GetReferencedVCProjectsInfo                1 次调用
        0 毫秒 ComputeCLInputPDBName                      1 次调用
        1 毫秒 _CleanGetCurrentAndPriorFileWrites         1 次调用
        1 毫秒 PostBuildEvent                             1 次调用
        1 毫秒 _PrepareForBuild                           1 次调用
        1 毫秒 BeforeLink                                 1 次调用
        1 毫秒 ComputeLinkImportLibraryOutputsForClean    1 次调用
        1 毫秒 PreLinkEvent                               1 次调用
        1 毫秒 SplitResourcesByCulture                    1 次调用
        1 毫秒 SetCABuildNativeEnvironmentVariables       1 次调用
        1 毫秒 ComputeLinkInputsFromProject               1 次调用
        1 毫秒 SetBuildDefaultEnvironmentVariables        1 次调用
        1 毫秒 AssignTargetPaths                          1 次调用
        1 毫秒 _SplitProjectReferencesByFileExistence     1 次调用
        1 毫秒 IncrementalClean                           1 次调用
        1 毫秒 ContentFilesProjectOutputGroup             1 次调用
        1 毫秒 FindReferenceAssembliesForReferences       1 次调用
        1 毫秒 ComputeCLCompileGeneratedXDCFiles          1 次调用
        2 毫秒 AssignProjectConfiguration                 1 次调用
        2 毫秒 GetCopyToOutputDirectoryItems              1 次调用
        4 毫秒 WarnCompileDuplicatedFilename              1 次调用
        6 毫秒 InitializeBuildStatus                      1 次调用
        9 毫秒 CustomBuild                                1 次调用
       10 毫秒 PrepareForBuild                            1 次调用
       10 毫秒 SetTelemetryEnvironmentVariables           1 次调用
       11 毫秒 FixupCLCompileOptions                      1 次调用
       20 毫秒 RegisterOutput                             1 次调用
       27 毫秒 TlogCleanup                                1 次调用
       28 毫秒 CreateRecipeFile                           1 次调用
       42 毫秒 _GetProjectReferenceTargetFrameworkProperties   1 次调用
       80 毫秒 _CheckForInvalidConfigurationAndPlatform   1 次调用
     1889 毫秒 Link                                       1 次调用
    10412 毫秒 ClCompile                                  1 次调用

任务性能摘要:
        0 毫秒 FindUnderPath                              5 次调用
        0 毫秒 SetRidAgnosticValueForProjects             1 次调用
        0 毫秒 RemoveDuplicates                           2 次调用
        0 毫秒 ConvertToAbsolutePath                      1 次调用
        1 毫秒 CheckVCToolsetVersion                      1 次调用
        1 毫秒 CallTarget                                 2 次调用
        1 毫秒 AssignCulture                              1 次调用
        1 毫秒 MSBuild                                    1 次调用
        1 毫秒 AssignTargetPath                           7 次调用
        1 毫秒 Touch                                      2 次调用
        1 毫秒 Delete                                     2 次调用
        1 毫秒 WriteLinesToFile                           1 次调用
        2 毫秒 AssignProjectConfiguration                 1 次调用
        3 毫秒 SetEnv                                    11 次调用
        4 毫秒 ReadLinesFromFile                          2 次调用
        4 毫秒 MakeDir                                   10 次调用
        4 毫秒 Message                                    3 次调用
        7 毫秒 GetOutOfDateItems                          3 次调用
       27 毫秒 CleanupStaleTlogItems                      1 次调用
       28 毫秒 GenerateDesktopDeployRecipe                1 次调用
     1887 毫秒 Link                                       1 次调用
    10409 毫秒 CL                                         2 次调用
